[0m22:13:13.116327 [debug] [MainThread]: Sending event: {'category': 'dbt', 'action': 'invocation', 'label': 'start', 'context': [<snowplow_tracker.self_describing_json.SelfDescribingJson object at 0x000001FE0CCCE890>, <snowplow_tracker.self_describing_json.SelfDescribingJson object at 0x000001FE0FA0C6A0>, <snowplow_tracker.self_describing_json.SelfDescribingJson object at 0x000001FE0FA0C460>]}


============================== 22:13:13.116327 | 0d5b4e72-1533-48d5-b40b-d28baa6da471 ==============================
[0m22:13:13.116327 [info ] [MainThread]: Running with dbt=1.6.6
[0m22:13:13.116327 [debug] [MainThread]: running dbt with arguments {'printer_width': '80', 'indirect_selection': 'eager', 'write_json': 'True', 'log_cache_events': 'False', 'partial_parse': 'True', 'cache_selected_only': 'False', 'profiles_dir': 'C:\\Users\\Tarun Gupta\\.dbt', 'debug': 'False', 'warn_error': 'None', 'log_path': 'logs', 'version_check': 'True', 'fail_fast': 'False', 'use_colors': 'True', 'use_experimental_parser': 'False', 'no_print': 'None', 'quiet': 'False', 'log_format': 'default', 'introspect': 'True', 'warn_error_options': 'WarnErrorOptions(include=[], exclude=[])', 'invocation_command': 'dbt init', 'target_path': 'None', 'static_parser': 'True', 'send_anonymous_usage_stats': 'True'}
[0m22:13:13.132358 [warn ] [MainThread]: [ConfigFolderDirectory]: Unable to parse dict {'dir': WindowsPath('C:/Users/Tarun Gupta/.dbt')}
[0m22:13:13.132358 [info ] [MainThread]: Creating dbt configuration folder at 
[0m22:13:45.983086 [debug] [MainThread]: Starter project path: d:\Tarun\UTS\Subjects\BigData\airflow-airbnb\.venv\lib\site-packages\dbt\include\starter_project
[0m22:13:46.046020 [info ] [MainThread]: 
Your new dbt project "airbnb" was created!

For more information on how to configure the profiles.yml file,
please consult the dbt documentation here:

  https://docs.getdbt.com/docs/configure-your-profile

One more thing:

Need help? Don't hesitate to reach out to us via GitHub issues or on Slack:

  https://community.getdbt.com/

Happy modeling!

[0m22:13:46.062720 [info ] [MainThread]: Setting up your profile.
[0m22:13:50.877492 [info ] [MainThread]: Profile airbnb written to C:\Users\Tarun Gupta\.dbt\profiles.yml using target's sample configuration. Once updated, you'll be able to start developing with dbt.
[0m22:13:50.892393 [debug] [MainThread]: Command `dbt init` succeeded at 22:13:50.892393 after 37.80 seconds
[0m22:13:50.893396 [debug] [MainThread]: Sending event: {'category': 'dbt', 'action': 'invocation', 'label': 'end', 'context': [<snowplow_tracker.self_describing_json.SelfDescribingJson object at 0x000001FE0CCCE890>, <snowplow_tracker.self_describing_json.SelfDescribingJson object at 0x000001FE08CECA00>, <snowplow_tracker.self_describing_json.SelfDescribingJson object at 0x000001FE0FA0DBA0>]}
[0m22:13:50.894397 [debug] [MainThread]: Flushing usage events
